<?xml version="1.0" encoding="UTF-8" standalone="no"?>
<testsuite failures="0" name="cucumber.runtime.formatter.JUnitFormatter" skipped="0" tests="8" time="0.283968">
    <testcase classname="Validate Ticket Reservation in IRCTC Application." name="Verify launching the IRCTC Homepage"
              time="0.069335">
        <system-out>
            <![CDATA[Given user launch in chrome browser.........................................skipped
When user enters the URL....................................................skipped
Then user should able to launch the application.............................skipped
And accept the alert........................................................skipped
Then Close the Browser......................................................skipped
]]>
        </system-out>
    </testcase>
    <testcase classname="Validate Ticket Reservation in IRCTC Application."
              name="To verify &quot;From edit field&quot; not to accept an empty field." time="0.010672">
        <system-out>
            <![CDATA[Given user launch in chrome browser.........................................skipped
When user enters the URL....................................................skipped
Then user should able to launch the application.............................skipped
And accept the alert........................................................skipped
And Leave the From Station empty............................................skipped
And Enter valid data in To Station field....................................skipped
Then Close the Browser......................................................skipped
]]>
        </system-out>
    </testcase>
    <testcase classname="Validate Ticket Reservation in IRCTC Application."
              name="To verify &quot;From Station field&quot; not to accept the invalid data(Special Characters)"
              time="0.045843">
        <system-out>
            <![CDATA[Given user launch in chrome browser.........................................skipped
When user enters the URL....................................................skipped
Then user should able to launch the application.............................skipped
And accept the alert........................................................skipped
And Enter invalid data "+=-09@3$ " in the From Station......................skipped
And Enter valid city "Chennai Egmore - MS " in the To Staion................skipped
Then Close the Browser......................................................skipped
]]>
        </system-out>
    </testcase>
    <testcase classname="Validate Ticket Reservation in IRCTC Application."
              name="To verify &quot;From edit field&quot; not to accept the invalid City name and code" time="0.027691">
        <system-out>
            <![CDATA[Given user launch in chrome browser.........................................skipped
When user enters the URL....................................................skipped
Then user should able to launch the application.............................skipped
And accept the alert........................................................skipped
When Enter invalid data "CMBTore" in the From Station.......................skipped
When Enter valid city "Chennai Egmore - MS" in the To Staion................skipped
Then Close the Browser......................................................skipped
]]>
        </system-out>
    </testcase>
    <testcase classname="Validate Ticket Reservation in IRCTC Application."
              name="To verify &quot;From edit field&quot; and &quot;To Edit Field&quot; in valid data with multiple parameters."
              time="0.023777">
        <system-out>
            <![CDATA[Given user launch in chrome browser.........................................skipped
When user enters the URL....................................................skipped
Then user should able to launch the application.............................skipped
And accept the alert........................................................skipped
And Enter valid data in From Station "Coimbatore JN - CBE" and To Station "Chennai Egmore - MS"..skipped
Then Close the Browser......................................................skipped
]]>
        </system-out>
    </testcase>
    <testcase classname="Validate Ticket Reservation in IRCTC Application."
              name="To verify &quot;From edit field&quot; and &quot;To Edit Field&quot; in valid data with multiple parameters. 2"
              time="0.018738">
        <system-out>
            <![CDATA[Given user launch in chrome browser.........................................skipped
When user enters the URL....................................................skipped
Then user should able to launch the application.............................skipped
And accept the alert........................................................skipped
And Enter valid data in From Station "CHENNAI PARK - MPK" and To Station "PUNE JN - PUNE"..skipped
Then Close the Browser......................................................skipped
]]>
        </system-out>
    </testcase>
    <testcase classname="Validate Ticket Reservation in IRCTC Application."
              name="To verify &quot;From edit field&quot; and &quot;To Edit Field&quot; in valid data with multiple parameters. 3"
              time="0.08399">
        <system-out>
            <![CDATA[Given user launch in chrome browser.........................................skipped
When user enters the URL....................................................skipped
Then user should able to launch the application.............................skipped
And accept the alert........................................................skipped
And Enter valid data in From Station "KOLKATA - KOAA" and To Station "MUMBAI CENTRAL - BCT"..skipped
Then Close the Browser......................................................skipped
]]>
        </system-out>
    </testcase>
    <testcase classname="Validate Ticket Reservation in IRCTC Application."
              name="To verify &quot;To Station Field&quot; with invalid data using Data Table Parameters"
              time="0.003922">
        <system-out>
            <![CDATA[Given user launch in chrome browser.........................................skipped
When user enters the URL....................................................skipped
Then user should able to launch the application.............................skipped
And accept the alert........................................................skipped
And Enter valid data in the From Station and invalid data in To Station.....skipped
Then Close the Browser......................................................skipped
]]>
        </system-out>
    </testcase>
</testsuite>
